<?xml version="1.0" encoding="UTF-8" ?>
<testsuite tests="5" failures="0" name="com.capg.test.bankapp.BankAppTestCase" time="0.152" errors="0" skipped="1">
  <properties>
[...]
</properties>
  <testcase classname="com.capg.test.bankapp.BankAppTestCase" name="test_CreateAccountMethod_with_null_customer" time="0.125"/>
  <testcase classname="com.capg.test.bankapp.BankAppTestCase" name="test_CreateAccountMethod_with_Invalid_openingBalance" time="0"/>
  <testcase classname="com.capg.test.bankapp.BankAppTestCase" name="test_loop" time="0">
    <skipped/>
  </testcase>
  <testcase classname="com.capg.test.bankapp.BankAppTestCase" name="test_createAccountMethod_withValidCustomerAndBalance" time="0.026"/>
  <testcase classname="com.capg.test.bankapp.BankAppTestCase" name="test_depositMethod_with_valid_openingBalance" time="0.001"/>
</testsuite>